[2022-06-10 13:00:14] local.ERROR: SQLSTATE[42S02]: Base table or view not found: 1146 Table 'sia_act2.tbluser' doesn't exist (SQL: select * from `tbluser`) {"exception":"[object] (Illuminate\\Database\\QueryException(code: 42S02): SQLSTATE[42S02]: Base table or view not found: 1146 Table 'sia_act2.tbluser' doesn't exist (SQL: select * from `tbluser`) at C:\\Xampp\\php\\fodler\\bacor_sia2\\vendor\\illuminate\\database\\Connection.php:716)
[stacktrace]
#0 C:\\Xampp\\php\\fodler\\bacor_sia2\\vendor\\illuminate\\database\\Connection.php(676): Illuminate\\Database\\Connection->runQueryCallback('select * from `...', Array, Object(Closure))
#1 C:\\Xampp\\php\\fodler\\bacor_sia2\\vendor\\illuminate\\database\\Connection.php(376): Illuminate\\Database\\Connection->run('select * from `...', Array, Object(Closure))
#2 C:\\Xampp\\php\\fodler\\bacor_sia2\\vendor\\illuminate\\database\\Query\\Builder.php(2607): Illuminate\\Database\\Connection->select('select * from `...', Array, true)
#3 C:\\Xampp\\php\\fodler\\bacor_sia2\\vendor\\illuminate\\database\\Query\\Builder.php(2595): Illuminate\\Database\\Query\\Builder->runSelect()
#4 C:\\Xampp\\php\\fodler\\bacor_sia2\\vendor\\illuminate\\database\\Query\\Builder.php(3129): Illuminate\\Database\\Query\\Builder->Illuminate\\Database\\Query\\{closure}()
#5 C:\\Xampp\\php\\fodler\\bacor_sia2\\vendor\\illuminate\\database\\Query\\Builder.php(2596): Illuminate\\Database\\Query\\Builder->onceWithColumns(Array, Object(Closure))
#6 C:\\Xampp\\php\\fodler\\bacor_sia2\\vendor\\illuminate\\database\\Eloquent\\Builder.php(675): Illuminate\\Database\\Query\\Builder->get(Array)
#7 C:\\Xampp\\php\\fodler\\bacor_sia2\\vendor\\illuminate\\database\\Eloquent\\Builder.php(659): Illuminate\\Database\\Eloquent\\Builder->getModels(Array)
#8 C:\\Xampp\\php\\fodler\\bacor_sia2\\vendor\\illuminate\\database\\Eloquent\\Model.php(570): Illuminate\\Database\\Eloquent\\Builder->get(Array)
#9 C:\\Xampp\\php\\fodler\\bacor_sia2\\app\\Http\\Controllers\\UserController.php(25): Illuminate\\Database\\Eloquent\\Model::all()
#10 C:\\Xampp\\php\\fodler\\bacor_sia2\\vendor\\illuminate\\container\\BoundMethod.php(36): App\\Http\\Controllers\\UserController->index()
#11 C:\\Xampp\\php\\fodler\\bacor_sia2\\vendor\\illuminate\\container\\Util.php(41): Illuminate\\Container\\BoundMethod::Illuminate\\Container\\{closure}()
#12 C:\\Xampp\\php\\fodler\\bacor_sia2\\vendor\\illuminate\\container\\BoundMethod.php(93): Illuminate\\Container\\Util::unwrapIfClosure(Object(Closure))
#13 C:\\Xampp\\php\\fodler\\bacor_sia2\\vendor\\illuminate\\container\\BoundMethod.php(37): Illuminate\\Container\\BoundMethod::callBoundMethod(Object(Laravel\\Lumen\\Application), Array, Object(Closure))
#14 C:\\Xampp\\php\\fodler\\bacor_sia2\\vendor\\illuminate\\container\\Container.php(653): Illuminate\\Container\\BoundMethod::call(Object(Laravel\\Lumen\\Application), Array, Array, NULL)
#15 C:\\Xampp\\php\\fodler\\bacor_sia2\\vendor\\laravel\\lumen-framework\\src\\Concerns\\RoutesRequests.php(389): Illuminate\\Container\\Container->call(Array, Array)
#16 C:\\Xampp\\php\\fodler\\bacor_sia2\\vendor\\laravel\\lumen-framework\\src\\Concerns\\RoutesRequests.php(355): Laravel\\Lumen\\Application->callControllerCallable(Array, Array)
#17 C:\\Xampp\\php\\fodler\\bacor_sia2\\vendor\\laravel\\lumen-framework\\src\\Concerns\\RoutesRequests.php(329): Laravel\\Lumen\\Application->callLumenController(Object(App\\Http\\Controllers\\UserController), 'index', Array)
#18 C:\\Xampp\\php\\fodler\\bacor_sia2\\vendor\\laravel\\lumen-framework\\src\\Concerns\\RoutesRequests.php(282): Laravel\\Lumen\\Application->callControllerAction(Array)
#19 C:\\Xampp\\php\\fodler\\bacor_sia2\\vendor\\laravel\\lumen-framework\\src\\Concerns\\RoutesRequests.php(267): Laravel\\Lumen\\Application->callActionOnArrayBasedRoute(Array)
#20 C:\\Xampp\\php\\fodler\\bacor_sia2\\vendor\\laravel\\lumen-framework\\src\\Concerns\\RoutesRequests.php(169): Laravel\\Lumen\\Application->handleFoundRoute(Array)
#21 C:\\Xampp\\php\\fodler\\bacor_sia2\\vendor\\laravel\\lumen-framework\\src\\Concerns\\RoutesRequests.php(429): Laravel\\Lumen\\Application->Laravel\\Lumen\\Concerns\\{closure}(Object(Laravel\\Lumen\\Http\\Request))
#22 C:\\Xampp\\php\\fodler\\bacor_sia2\\vendor\\laravel\\lumen-framework\\src\\Concerns\\RoutesRequests.php(175): Laravel\\Lumen\\Application->sendThroughPipeline(Array, Object(Closure))
#23 C:\\Xampp\\php\\fodler\\bacor_sia2\\vendor\\laravel\\lumen-framework\\src\\Concerns\\RoutesRequests.php(112): Laravel\\Lumen\\Application->dispatch(NULL)
#24 C:\\Xampp\\php\\fodler\\bacor_sia2\\public\\index.php(28): Laravel\\Lumen\\Application->run()
#25 {main}

[previous exception] [object] (PDOException(code: 42S02): SQLSTATE[42S02]: Base table or view not found: 1146 Table 'sia_act2.tbluser' doesn't exist at C:\\Xampp\\php\\fodler\\bacor_sia2\\vendor\\illuminate\\database\\Connection.php:368)
[stacktrace]
#0 C:\\Xampp\\php\\fodler\\bacor_sia2\\vendor\\illuminate\\database\\Connection.php(368): PDO->prepare('select * from `...')
#1 C:\\Xampp\\php\\fodler\\bacor_sia2\\vendor\\illuminate\\database\\Connection.php(709): Illuminate\\Database\\Connection->Illuminate\\Database\\{closure}('select * from `...', Array)
#2 C:\\Xampp\\php\\fodler\\bacor_sia2\\vendor\\illuminate\\database\\Connection.php(676): Illuminate\\Database\\Connection->runQueryCallback('select * from `...', Array, Object(Closure))
#3 C:\\Xampp\\php\\fodler\\bacor_sia2\\vendor\\illuminate\\database\\Connection.php(376): Illuminate\\Database\\Connection->run('select * from `...', Array, Object(Closure))
#4 C:\\Xampp\\php\\fodler\\bacor_sia2\\vendor\\illuminate\\database\\Query\\Builder.php(2607): Illuminate\\Database\\Connection->select('select * from `...', Array, true)
#5 C:\\Xampp\\php\\fodler\\bacor_sia2\\vendor\\illuminate\\database\\Query\\Builder.php(2595): Illuminate\\Database\\Query\\Builder->runSelect()
#6 C:\\Xampp\\php\\fodler\\bacor_sia2\\vendor\\illuminate\\database\\Query\\Builder.php(3129): Illuminate\\Database\\Query\\Builder->Illuminate\\Database\\Query\\{closure}()
#7 C:\\Xampp\\php\\fodler\\bacor_sia2\\vendor\\illuminate\\database\\Query\\Builder.php(2596): Illuminate\\Database\\Query\\Builder->onceWithColumns(Array, Object(Closure))
#8 C:\\Xampp\\php\\fodler\\bacor_sia2\\vendor\\illuminate\\database\\Eloquent\\Builder.php(675): Illuminate\\Database\\Query\\Builder->get(Array)
#9 C:\\Xampp\\php\\fodler\\bacor_sia2\\vendor\\illuminate\\database\\Eloquent\\Builder.php(659): Illuminate\\Database\\Eloquent\\Builder->getModels(Array)
#10 C:\\Xampp\\php\\fodler\\bacor_sia2\\vendor\\illuminate\\database\\Eloquent\\Model.php(570): Illuminate\\Database\\Eloquent\\Builder->get(Array)
#11 C:\\Xampp\\php\\fodler\\bacor_sia2\\app\\Http\\Controllers\\UserController.php(25): Illuminate\\Database\\Eloquent\\Model::all()
#12 C:\\Xampp\\php\\fodler\\bacor_sia2\\vendor\\illuminate\\container\\BoundMethod.php(36): App\\Http\\Controllers\\UserController->index()
#13 C:\\Xampp\\php\\fodler\\bacor_sia2\\vendor\\illuminate\\container\\Util.php(41): Illuminate\\Container\\BoundMethod::Illuminate\\Container\\{closure}()
#14 C:\\Xampp\\php\\fodler\\bacor_sia2\\vendor\\illuminate\\container\\BoundMethod.php(93): Illuminate\\Container\\Util::unwrapIfClosure(Object(Closure))
#15 C:\\Xampp\\php\\fodler\\bacor_sia2\\vendor\\illuminate\\container\\BoundMethod.php(37): Illuminate\\Container\\BoundMethod::callBoundMethod(Object(Laravel\\Lumen\\Application), Array, Object(Closure))
#16 C:\\Xampp\\php\\fodler\\bacor_sia2\\vendor\\illuminate\\container\\Container.php(653): Illuminate\\Container\\BoundMethod::call(Object(Laravel\\Lumen\\Application), Array, Array, NULL)
#17 C:\\Xampp\\php\\fodler\\bacor_sia2\\vendor\\laravel\\lumen-framework\\src\\Concerns\\RoutesRequests.php(389): Illuminate\\Container\\Container->call(Array, Array)
#18 C:\\Xampp\\php\\fodler\\bacor_sia2\\vendor\\laravel\\lumen-framework\\src\\Concerns\\RoutesRequests.php(355): Laravel\\Lumen\\Application->callControllerCallable(Array, Array)
#19 C:\\Xampp\\php\\fodler\\bacor_sia2\\vendor\\laravel\\lumen-framework\\src\\Concerns\\RoutesRequests.php(329): Laravel\\Lumen\\Application->callLumenController(Object(App\\Http\\Controllers\\UserController), 'index', Array)
#20 C:\\Xampp\\php\\fodler\\bacor_sia2\\vendor\\laravel\\lumen-framework\\src\\Concerns\\RoutesRequests.php(282): Laravel\\Lumen\\Application->callControllerAction(Array)
#21 C:\\Xampp\\php\\fodler\\bacor_sia2\\vendor\\laravel\\lumen-framework\\src\\Concerns\\RoutesRequests.php(267): Laravel\\Lumen\\Application->callActionOnArrayBasedRoute(Array)
#22 C:\\Xampp\\php\\fodler\\bacor_sia2\\vendor\\laravel\\lumen-framework\\src\\Concerns\\RoutesRequests.php(169): Laravel\\Lumen\\Application->handleFoundRoute(Array)
#23 C:\\Xampp\\php\\fodler\\bacor_sia2\\vendor\\laravel\\lumen-framework\\src\\Concerns\\RoutesRequests.php(429): Laravel\\Lumen\\Application->Laravel\\Lumen\\Concerns\\{closure}(Object(Laravel\\Lumen\\Http\\Request))
#24 C:\\Xampp\\php\\fodler\\bacor_sia2\\vendor\\laravel\\lumen-framework\\src\\Concerns\\RoutesRequests.php(175): Laravel\\Lumen\\Application->sendThroughPipeline(Array, Object(Closure))
#25 C:\\Xampp\\php\\fodler\\bacor_sia2\\vendor\\laravel\\lumen-framework\\src\\Concerns\\RoutesRequests.php(112): Laravel\\Lumen\\Application->dispatch(NULL)
#26 C:\\Xampp\\php\\fodler\\bacor_sia2\\public\\index.php(28): Laravel\\Lumen\\Application->run()
#27 {main}
"} 
[2022-06-10 13:10:42] local.ERROR: SQLSTATE[HY000]: General error: 1364 Field 'id' doesn't have a default value (SQL: insert into `tbluser` (`Edad`, `Name`, `Gender`) values (22, Christian Gwapo , Male)) {"exception":"[object] (Illuminate\\Database\\QueryException(code: HY000): SQLSTATE[HY000]: General error: 1364 Field 'id' doesn't have a default value (SQL: insert into `tbluser` (`Edad`, `Name`, `Gender`) values (22, Christian Gwapo , Male)) at C:\\Xampp\\php\\fodler\\bacor_sia2\\vendor\\illuminate\\database\\Connection.php:716)
[stacktrace]
#0 C:\\Xampp\\php\\fodler\\bacor_sia2\\vendor\\illuminate\\database\\Connection.php(676): Illuminate\\Database\\Connection->runQueryCallback('insert into `tb...', Array, Object(Closure))
#1 C:\\Xampp\\php\\fodler\\bacor_sia2\\vendor\\illuminate\\database\\Connection.php(502): Illuminate\\Database\\Connection->run('insert into `tb...', Array, Object(Closure))
#2 C:\\Xampp\\php\\fodler\\bacor_sia2\\vendor\\illuminate\\database\\Connection.php(454): Illuminate\\Database\\Connection->statement('insert into `tb...', Array)
#3 C:\\Xampp\\php\\fodler\\bacor_sia2\\vendor\\illuminate\\database\\Query\\Processors\\Processor.php(32): Illuminate\\Database\\Connection->insert('insert into `tb...', Array)
#4 C:\\Xampp\\php\\fodler\\bacor_sia2\\vendor\\illuminate\\database\\Query\\Builder.php(3221): Illuminate\\Database\\Query\\Processors\\Processor->processInsertGetId(Object(Illuminate\\Database\\Query\\Builder), 'insert into `tb...', Array, 'id')
#5 C:\\Xampp\\php\\fodler\\bacor_sia2\\vendor\\illuminate\\database\\Eloquent\\Builder.php(1707): Illuminate\\Database\\Query\\Builder->insertGetId(Array, 'id')
#6 C:\\Xampp\\php\\fodler\\bacor_sia2\\vendor\\illuminate\\database\\Eloquent\\Model.php(1190): Illuminate\\Database\\Eloquent\\Builder->__call('insertGetId', Array)
#7 C:\\Xampp\\php\\fodler\\bacor_sia2\\vendor\\illuminate\\database\\Eloquent\\Model.php(1155): Illuminate\\Database\\Eloquent\\Model->insertAndSetId(Object(Illuminate\\Database\\Eloquent\\Builder), Array)
#8 C:\\Xampp\\php\\fodler\\bacor_sia2\\vendor\\illuminate\\database\\Eloquent\\Model.php(996): Illuminate\\Database\\Eloquent\\Model->performInsert(Object(Illuminate\\Database\\Eloquent\\Builder))
#9 C:\\Xampp\\php\\fodler\\bacor_sia2\\vendor\\illuminate\\database\\Eloquent\\Builder.php(946): Illuminate\\Database\\Eloquent\\Model->save()
#10 C:\\Xampp\\php\\fodler\\bacor_sia2\\vendor\\illuminate\\support\\helpers.php(302): Illuminate\\Database\\Eloquent\\Builder->Illuminate\\Database\\Eloquent\\{closure}(Object(App\\Models\\User))
#11 C:\\Xampp\\php\\fodler\\bacor_sia2\\vendor\\illuminate\\database\\Eloquent\\Builder.php(947): tap(Object(App\\Models\\User), Object(Closure))
#12 C:\\Xampp\\php\\fodler\\bacor_sia2\\vendor\\illuminate\\support\\Traits\\ForwardsCalls.php(23): Illuminate\\Database\\Eloquent\\Builder->create(Array)
#13 C:\\Xampp\\php\\fodler\\bacor_sia2\\vendor\\illuminate\\database\\Eloquent\\Model.php(2133): Illuminate\\Database\\Eloquent\\Model->forwardCallTo(Object(Illuminate\\Database\\Eloquent\\Builder), 'create', Array)
#14 C:\\Xampp\\php\\fodler\\bacor_sia2\\vendor\\illuminate\\database\\Eloquent\\Model.php(2145): Illuminate\\Database\\Eloquent\\Model->__call('create', Array)
#15 C:\\Xampp\\php\\fodler\\bacor_sia2\\app\\Http\\Controllers\\UserController.php(40): Illuminate\\Database\\Eloquent\\Model::__callStatic('create', Array)
#16 C:\\Xampp\\php\\fodler\\bacor_sia2\\vendor\\illuminate\\container\\BoundMethod.php(36): App\\Http\\Controllers\\UserController->add(Object(Laravel\\Lumen\\Http\\Request))
#17 C:\\Xampp\\php\\fodler\\bacor_sia2\\vendor\\illuminate\\container\\Util.php(41): Illuminate\\Container\\BoundMethod::Illuminate\\Container\\{closure}()
#18 C:\\Xampp\\php\\fodler\\bacor_sia2\\vendor\\illuminate\\container\\BoundMethod.php(93): Illuminate\\Container\\Util::unwrapIfClosure(Object(Closure))
#19 C:\\Xampp\\php\\fodler\\bacor_sia2\\vendor\\illuminate\\container\\BoundMethod.php(37): Illuminate\\Container\\BoundMethod::callBoundMethod(Object(Laravel\\Lumen\\Application), Array, Object(Closure))
#20 C:\\Xampp\\php\\fodler\\bacor_sia2\\vendor\\illuminate\\container\\Container.php(653): Illuminate\\Container\\BoundMethod::call(Object(Laravel\\Lumen\\Application), Array, Array, NULL)
#21 C:\\Xampp\\php\\fodler\\bacor_sia2\\vendor\\laravel\\lumen-framework\\src\\Concerns\\RoutesRequests.php(389): Illuminate\\Container\\Container->call(Array, Array)
#22 C:\\Xampp\\php\\fodler\\bacor_sia2\\vendor\\laravel\\lumen-framework\\src\\Concerns\\RoutesRequests.php(355): Laravel\\Lumen\\Application->callControllerCallable(Array, Array)
#23 C:\\Xampp\\php\\fodler\\bacor_sia2\\vendor\\laravel\\lumen-framework\\src\\Concerns\\RoutesRequests.php(329): Laravel\\Lumen\\Application->callLumenController(Object(App\\Http\\Controllers\\UserController), 'add', Array)
#24 C:\\Xampp\\php\\fodler\\bacor_sia2\\vendor\\laravel\\lumen-framework\\src\\Concerns\\RoutesRequests.php(282): Laravel\\Lumen\\Application->callControllerAction(Array)
#25 C:\\Xampp\\php\\fodler\\bacor_sia2\\vendor\\laravel\\lumen-framework\\src\\Concerns\\RoutesRequests.php(267): Laravel\\Lumen\\Application->callActionOnArrayBasedRoute(Array)
#26 C:\\Xampp\\php\\fodler\\bacor_sia2\\vendor\\laravel\\lumen-framework\\src\\Concerns\\RoutesRequests.php(169): Laravel\\Lumen\\Application->handleFoundRoute(Array)
#27 C:\\Xampp\\php\\fodler\\bacor_sia2\\vendor\\laravel\\lumen-framework\\src\\Concerns\\RoutesRequests.php(429): Laravel\\Lumen\\Application->Laravel\\Lumen\\Concerns\\{closure}(Object(Laravel\\Lumen\\Http\\Request))
#28 C:\\Xampp\\php\\fodler\\bacor_sia2\\vendor\\laravel\\lumen-framework\\src\\Concerns\\RoutesRequests.php(175): Laravel\\Lumen\\Application->sendThroughPipeline(Array, Object(Closure))
#29 C:\\Xampp\\php\\fodler\\bacor_sia2\\vendor\\laravel\\lumen-framework\\src\\Concerns\\RoutesRequests.php(112): Laravel\\Lumen\\Application->dispatch(NULL)
#30 C:\\Xampp\\php\\fodler\\bacor_sia2\\public\\index.php(28): Laravel\\Lumen\\Application->run()
#31 {main}

[previous exception] [object] (PDOException(code: HY000): SQLSTATE[HY000]: General error: 1364 Field 'id' doesn't have a default value at C:\\Xampp\\php\\fodler\\bacor_sia2\\vendor\\illuminate\\database\\Connection.php:501)
[stacktrace]
#0 C:\\Xampp\\php\\fodler\\bacor_sia2\\vendor\\illuminate\\database\\Connection.php(501): PDOStatement->execute()
#1 C:\\Xampp\\php\\fodler\\bacor_sia2\\vendor\\illuminate\\database\\Connection.php(709): Illuminate\\Database\\Connection->Illuminate\\Database\\{closure}('insert into `tb...', Array)
#2 C:\\Xampp\\php\\fodler\\bacor_sia2\\vendor\\illuminate\\database\\Connection.php(676): Illuminate\\Database\\Connection->runQueryCallback('insert into `tb...', Array, Object(Closure))
#3 C:\\Xampp\\php\\fodler\\bacor_sia2\\vendor\\illuminate\\database\\Connection.php(502): Illuminate\\Database\\Connection->run('insert into `tb...', Array, Object(Closure))
#4 C:\\Xampp\\php\\fodler\\bacor_sia2\\vendor\\illuminate\\database\\Connection.php(454): Illuminate\\Database\\Connection->statement('insert into `tb...', Array)
#5 C:\\Xampp\\php\\fodler\\bacor_sia2\\vendor\\illuminate\\database\\Query\\Processors\\Processor.php(32): Illuminate\\Database\\Connection->insert('insert into `tb...', Array)
#6 C:\\Xampp\\php\\fodler\\bacor_sia2\\vendor\\illuminate\\database\\Query\\Builder.php(3221): Illuminate\\Database\\Query\\Processors\\Processor->processInsertGetId(Object(Illuminate\\Database\\Query\\Builder), 'insert into `tb...', Array, 'id')
#7 C:\\Xampp\\php\\fodler\\bacor_sia2\\vendor\\illuminate\\database\\Eloquent\\Builder.php(1707): Illuminate\\Database\\Query\\Builder->insertGetId(Array, 'id')
#8 C:\\Xampp\\php\\fodler\\bacor_sia2\\vendor\\illuminate\\database\\Eloquent\\Model.php(1190): Illuminate\\Database\\Eloquent\\Builder->__call('insertGetId', Array)
#9 C:\\Xampp\\php\\fodler\\bacor_sia2\\vendor\\illuminate\\database\\Eloquent\\Model.php(1155): Illuminate\\Database\\Eloquent\\Model->insertAndSetId(Object(Illuminate\\Database\\Eloquent\\Builder), Array)
#10 C:\\Xampp\\php\\fodler\\bacor_sia2\\vendor\\illuminate\\database\\Eloquent\\Model.php(996): Illuminate\\Database\\Eloquent\\Model->performInsert(Object(Illuminate\\Database\\Eloquent\\Builder))
#11 C:\\Xampp\\php\\fodler\\bacor_sia2\\vendor\\illuminate\\database\\Eloquent\\Builder.php(946): Illuminate\\Database\\Eloquent\\Model->save()
#12 C:\\Xampp\\php\\fodler\\bacor_sia2\\vendor\\illuminate\\support\\helpers.php(302): Illuminate\\Database\\Eloquent\\Builder->Illuminate\\Database\\Eloquent\\{closure}(Object(App\\Models\\User))
#13 C:\\Xampp\\php\\fodler\\bacor_sia2\\vendor\\illuminate\\database\\Eloquent\\Builder.php(947): tap(Object(App\\Models\\User), Object(Closure))
#14 C:\\Xampp\\php\\fodler\\bacor_sia2\\vendor\\illuminate\\support\\Traits\\ForwardsCalls.php(23): Illuminate\\Database\\Eloquent\\Builder->create(Array)
#15 C:\\Xampp\\php\\fodler\\bacor_sia2\\vendor\\illuminate\\database\\Eloquent\\Model.php(2133): Illuminate\\Database\\Eloquent\\Model->forwardCallTo(Object(Illuminate\\Database\\Eloquent\\Builder), 'create', Array)
#16 C:\\Xampp\\php\\fodler\\bacor_sia2\\vendor\\illuminate\\database\\Eloquent\\Model.php(2145): Illuminate\\Database\\Eloquent\\Model->__call('create', Array)
#17 C:\\Xampp\\php\\fodler\\bacor_sia2\\app\\Http\\Controllers\\UserController.php(40): Illuminate\\Database\\Eloquent\\Model::__callStatic('create', Array)
#18 C:\\Xampp\\php\\fodler\\bacor_sia2\\vendor\\illuminate\\container\\BoundMethod.php(36): App\\Http\\Controllers\\UserController->add(Object(Laravel\\Lumen\\Http\\Request))
#19 C:\\Xampp\\php\\fodler\\bacor_sia2\\vendor\\illuminate\\container\\Util.php(41): Illuminate\\Container\\BoundMethod::Illuminate\\Container\\{closure}()
#20 C:\\Xampp\\php\\fodler\\bacor_sia2\\vendor\\illuminate\\container\\BoundMethod.php(93): Illuminate\\Container\\Util::unwrapIfClosure(Object(Closure))
#21 C:\\Xampp\\php\\fodler\\bacor_sia2\\vendor\\illuminate\\container\\BoundMethod.php(37): Illuminate\\Container\\BoundMethod::callBoundMethod(Object(Laravel\\Lumen\\Application), Array, Object(Closure))
#22 C:\\Xampp\\php\\fodler\\bacor_sia2\\vendor\\illuminate\\container\\Container.php(653): Illuminate\\Container\\BoundMethod::call(Object(Laravel\\Lumen\\Application), Array, Array, NULL)
#23 C:\\Xampp\\php\\fodler\\bacor_sia2\\vendor\\laravel\\lumen-framework\\src\\Concerns\\RoutesRequests.php(389): Illuminate\\Container\\Container->call(Array, Array)
#24 C:\\Xampp\\php\\fodler\\bacor_sia2\\vendor\\laravel\\lumen-framework\\src\\Concerns\\RoutesRequests.php(355): Laravel\\Lumen\\Application->callControllerCallable(Array, Array)
#25 C:\\Xampp\\php\\fodler\\bacor_sia2\\vendor\\laravel\\lumen-framework\\src\\Concerns\\RoutesRequests.php(329): Laravel\\Lumen\\Application->callLumenController(Object(App\\Http\\Controllers\\UserController), 'add', Array)
#26 C:\\Xampp\\php\\fodler\\bacor_sia2\\vendor\\laravel\\lumen-framework\\src\\Concerns\\RoutesRequests.php(282): Laravel\\Lumen\\Application->callControllerAction(Array)
#27 C:\\Xampp\\php\\fodler\\bacor_sia2\\vendor\\laravel\\lumen-framework\\src\\Concerns\\RoutesRequests.php(267): Laravel\\Lumen\\Application->callActionOnArrayBasedRoute(Array)
#28 C:\\Xampp\\php\\fodler\\bacor_sia2\\vendor\\laravel\\lumen-framework\\src\\Concerns\\RoutesRequests.php(169): Laravel\\Lumen\\Application->handleFoundRoute(Array)
#29 C:\\Xampp\\php\\fodler\\bacor_sia2\\vendor\\laravel\\lumen-framework\\src\\Concerns\\RoutesRequests.php(429): Laravel\\Lumen\\Application->Laravel\\Lumen\\Concerns\\{closure}(Object(Laravel\\Lumen\\Http\\Request))
#30 C:\\Xampp\\php\\fodler\\bacor_sia2\\vendor\\laravel\\lumen-framework\\src\\Concerns\\RoutesRequests.php(175): Laravel\\Lumen\\Application->sendThroughPipeline(Array, Object(Closure))
#31 C:\\Xampp\\php\\fodler\\bacor_sia2\\vendor\\laravel\\lumen-framework\\src\\Concerns\\RoutesRequests.php(112): Laravel\\Lumen\\Application->dispatch(NULL)
#32 C:\\Xampp\\php\\fodler\\bacor_sia2\\public\\index.php(28): Laravel\\Lumen\\Application->run()
#33 {main}
"} 
